0 info it worked if it ends with ok
1 verbose cli [ '/usr/bin/nodejs', '/usr/bin/npm', 'start' ]
2 info using npm@1.4.21
3 info using node@v0.10.25
4 verbose run-script [ 'prestart', 'start', 'poststart' ]
5 info prestart material-ui-example-webpack@0.15.0-alpha.1
6 info start material-ui-example-webpack@0.15.0-alpha.1
7 verbose unsafe-perm in lifecycle true
8 info material-ui-example-webpack@0.15.0-alpha.1 Failed to exec start script
9 error material-ui-example-webpack@0.15.0-alpha.1 start: `webpack-dev-server --config webpack-dev-server.config.js --progress --inline --colors`
9 error Exit status 8
10 error Failed at the material-ui-example-webpack@0.15.0-alpha.1 start script.
10 error This is most likely a problem with the material-ui-example-webpack package,
10 error not with npm itself.
10 error Tell the author that this fails on your system:
10 error     webpack-dev-server --config webpack-dev-server.config.js --progress --inline --colors
10 error You can get their info via:
10 error     npm owner ls material-ui-example-webpack
10 error There is likely additional logging output above.
11 error System Linux 4.2.0-30-generic
12 error command "/usr/bin/nodejs" "/usr/bin/npm" "start"
13 error cwd /home/shubham/Acads/django-react-integration/django_react_sample/myapp/static
14 error node -v v0.10.25
15 error npm -v 1.4.21
16 error code ELIFECYCLE
17 verbose exit [ 1, true ]
